TN:
SF:src\app.ts
FNF:0
FNH:0
DA:1,1
DA:2,1
DA:3,1
DA:5,1
DA:7,1
DA:9,1
DA:10,1
DA:11,1
DA:14,1
DA:17,1
DA:19,1
DA:21,1
DA:23,1
LF:13
LH:13
BRF:0
BRH:0
end_of_record
TN:
SF:src\clases\rabbit.ts
FN:3,(anonymous_14)
FN:4,(anonymous_16)
FN:5,(anonymous_17)
FN:6,(anonymous_18)
FN:13,(anonymous_19)
FN:14,(anonymous_20)
FN:15,(anonymous_21)
FN:22,(anonymous_22)
FN:33,(anonymous_25)
FNF:9
FNH:9
FNDA:2,(anonymous_14)
FNDA:1,(anonymous_16)
FNDA:1,(anonymous_17)
FNDA:1,(anonymous_18)
FNDA:1,(anonymous_19)
FNDA:1,(anonymous_20)
FNDA:1,(anonymous_21)
FNDA:1,(anonymous_22)
FNDA:1,(anonymous_25)
DA:1,1
DA:3,1
DA:4,1
DA:5,1
DA:6,1
DA:7,1
DA:8,1
DA:13,1
DA:14,1
DA:15,1
DA:16,1
DA:17,1
DA:22,1
DA:23,1
DA:24,1
DA:26,1
DA:30,1
DA:33,1
DA:34,1
DA:36,1
LF:20
LH:20
BRDA:7,0,0,0
BRDA:7,0,1,1
BRDA:16,1,0,0
BRDA:16,1,1,1
BRDA:23,2,0,1
BRF:5
BRH:3
end_of_record
TN:
SF:src\clases\server.ts
FN:10,(anonymous_14)
FN:16,ServerHttp
FN:23,(anonymous_16)
FN:27,(anonymous_17)
FN:28,(anonymous_20)
FN:36,(anonymous_23)
FN:41,(anonymous_24)
FN:43,(anonymous_27)
FNF:8
FNH:5
FNDA:1,(anonymous_14)
FNDA:1,ServerHttp
FNDA:1,(anonymous_16)
FNDA:1,(anonymous_17)
FNDA:0,(anonymous_20)
FNDA:0,(anonymous_23)
FNDA:1,(anonymous_24)
FNDA:0,(anonymous_27)
DA:1,1
DA:2,1
DA:3,1
DA:4,1
DA:5,1
DA:6,1
DA:8,1
DA:10,1
DA:17,1
DA:18,1
DA:20,1
DA:23,1
DA:24,1
DA:27,1
DA:28,1
DA:30,0
DA:32,0
DA:33,0
DA:35,0
DA:37,0
DA:41,1
DA:42,1
DA:43,0
DA:44,0
DA:47,1
LF:25
LH:18
BRDA:24,0,0,1
BRDA:24,0,1,1
BRDA:28,1,0,1
BRDA:30,2,0,0
BRDA:32,3,0,0
BRDA:32,3,1,0
BRDA:42,4,0,1
BRF:7
BRH:4
end_of_record
TN:
SF:src\config\environment.ts
FNF:0
FNH:0
DA:1,1
DA:2,1
DA:3,1
LF:3
LH:3
BRDA:1,0,0,1
BRDA:1,0,1,1
BRF:2
BRH:2
end_of_record
TN:
SF:src\controladoras\order.ts
FN:9,(anonymous_13)
FN:10,(anonymous_15)
FN:11,(anonymous_18)
FN:11,(anonymous_19)
FN:30,(anonymous_21)
FN:32,(anonymous_22)
FN:35,(anonymous_23)
FN:40,(anonymous_24)
FN:48,(anonymous_27)
FN:49,(anonymous_30)
FN:55,(anonymous_31)
FN:60,(anonymous_32)
FN:61,(anonymous_35)
FN:67,(anonymous_36)
FN:72,(anonymous_37)
FN:76,(anonymous_40)
FN:78,(anonymous_41)
FN:83,(anonymous_42)
FN:88,(anonymous_45)
FN:90,(anonymous_48)
FN:90,(anonymous_49)
FN:104,(anonymous_51)
FN:105,(anonymous_54)
FN:107,(anonymous_55)
FN:109,(anonymous_56)
FN:115,(anonymous_57)
FN:117,(anonymous_60)
FN:117,(anonymous_61)
FN:123,(anonymous_63)
FN:125,(anonymous_64)
FN:134,(anonymous_65)
FN:135,(anonymous_68)
FN:137,(anonymous_69)
FN:139,(anonymous_70)
FN:145,(anonymous_71)
FN:146,(anonymous_72)
FN:156,(anonymous_73)
FN:157,(anonymous_76)
FN:199,(anonymous_77)
FN:201,(anonymous_78)
FN:212,(anonymous_79)
FN:241,(anonymous_84)
FNF:42
FNH:24
FNDA:3,(anonymous_13)
FNDA:1,(anonymous_15)
FNDA:1,(anonymous_18)
FNDA:1,(anonymous_19)
FNDA:1,(anonymous_21)
FNDA:0,(anonymous_22)
FNDA:0,(anonymous_23)
FNDA:0,(anonymous_24)
FNDA:0,(anonymous_27)
FNDA:0,(anonymous_30)
FNDA:0,(anonymous_31)
FNDA:1,(anonymous_32)
FNDA:1,(anonymous_35)
FNDA:0,(anonymous_36)
FNDA:1,(anonymous_37)
FNDA:1,(anonymous_40)
FNDA:0,(anonymous_41)
FNDA:0,(anonymous_42)
FNDA:1,(anonymous_45)
FNDA:1,(anonymous_48)
FNDA:1,(anonymous_49)
FNDA:1,(anonymous_51)
FNDA:1,(anonymous_54)
FNDA:1,(anonymous_55)
FNDA:0,(anonymous_56)
FNDA:1,(anonymous_57)
FNDA:1,(anonymous_60)
FNDA:1,(anonymous_61)
FNDA:2,(anonymous_63)
FNDA:0,(anonymous_64)
FNDA:2,(anonymous_65)
FNDA:2,(anonymous_68)
FNDA:2,(anonymous_69)
FNDA:0,(anonymous_70)
FNDA:2,(anonymous_71)
FNDA:2,(anonymous_72)
FNDA:0,(anonymous_73)
FNDA:0,(anonymous_76)
FNDA:0,(anonymous_77)
FNDA:0,(anonymous_78)
FNDA:0,(anonymous_79)
FNDA:0,(anonymous_84)
DA:1,1
DA:2,1
DA:3,1
DA:4,1
DA:9,1
DA:10,1
DA:11,2
DA:12,1
DA:13,1
DA:14,1
DA:16,1
DA:18,1
DA:19,1
DA:20,1
DA:21,1
DA:22,1
DA:23,1
DA:24,1
DA:26,1
DA:27,1
DA:28,1
DA:30,1
DA:31,1
DA:33,0
DA:36,0
DA:40,1
DA:41,0
DA:42,0
DA:43,0
DA:44,0
DA:48,1
DA:49,0
DA:50,0
DA:51,0
DA:54,0
DA:56,0
DA:60,1
DA:61,2
DA:62,1
DA:63,0
DA:66,1
DA:68,0
DA:72,1
DA:73,1
DA:75,2
DA:77,1
DA:79,0
DA:83,1
DA:84,0
DA:88,1
DA:89,1
DA:90,1
DA:91,5
DA:92,2
DA:93,2
DA:94,2
DA:96,0
DA:100,1
DA:104,1
DA:105,1
DA:106,1
DA:108,1
DA:110,0
DA:115,1
DA:116,1
DA:117,1
DA:118,5
DA:119,2
DA:120,2
DA:121,2
DA:123,4
DA:124,2
DA:126,0
DA:130,1
DA:134,1
DA:135,2
DA:136,2
DA:138,2
DA:140,0
DA:145,1
DA:146,2
DA:147,2
DA:148,4
DA:149,4
DA:152,2
DA:156,1
DA:157,0
DA:159,0
DA:161,0
DA:163,0
DA:164,0
DA:165,0
DA:168,0
DA:171,0
DA:172,0
DA:174,0
DA:177,0
DA:178,0
DA:180,0
DA:183,0
DA:184,0
DA:186,0
DA:189,0
DA:190,0
DA:193,0
DA:194,0
DA:197,0
DA:199,0
DA:200,0
DA:202,0
DA:206,0
DA:212,1
DA:213,0
DA:240,0
DA:241,0
DA:242,0
DA:246,1
LF:117
LH:69
BRDA:11,0,0,1
BRDA:12,1,0,1
BRDA:41,2,0,0
BRDA:42,3,0,0
BRDA:42,3,1,0
BRDA:49,4,0,0
BRDA:50,5,0,0
BRDA:50,5,1,0
BRDA:61,6,0,1
BRDA:62,7,0,0
BRDA:62,7,1,1
BRDA:84,8,0,0
BRDA:91,9,0,1
BRDA:91,9,1,2
BRDA:93,10,0,2
BRDA:93,10,1,0
BRDA:118,11,0,1
BRDA:118,11,1,2
BRDA:159,12,0,0
BRDA:159,12,1,0
BRDA:162,13,0,0
BRDA:162,13,1,0
BRDA:162,13,2,0
BRDA:162,13,3,0
BRDA:162,13,4,0
BRDA:162,13,5,0
BRDA:163,14,0,0
BRDA:163,14,1,0
BRDA:164,15,0,0
BRDA:164,15,1,0
BRDA:171,16,0,0
BRDA:171,16,1,0
BRDA:177,17,0,0
BRDA:177,17,1,0
BRDA:183,18,0,0
BRDA:183,18,1,0
BRDA:241,19,0,0
BRDA:240,20,0,0
BRDA:240,20,1,0
BRF:39
BRH:9
end_of_record
TN:
SF:src\entity\item.ts
FN:4,(anonymous_8)
FNF:1
FNH:1
FNDA:18,(anonymous_8)
DA:1,1
DA:4,1
DA:6,1
DA:8,1
DA:10,1
DA:11,1
LF:6
LH:6
BRF:0
BRH:0
end_of_record
TN:
SF:src\entity\order.ts
FN:5,(anonymous_8)
FN:8,(anonymous_10)
FN:8,(anonymous_11)
FNF:3
FNH:3
FNDA:7,(anonymous_8)
FNDA:1,(anonymous_10)
FNDA:1,(anonymous_11)
DA:1,1
DA:2,1
DA:5,1
DA:7,1
DA:8,1
DA:9,1
DA:11,1
DA:13,1
DA:15,1
DA:17,1
DA:19,1
DA:21,1
DA:23,1
DA:24,1
LF:14
LH:14
BRF:0
BRH:0
end_of_record
TN:
SF:src\entity\orderItem.ts
FN:6,(anonymous_8)
FN:9,(anonymous_10)
FN:9,(anonymous_11)
FN:11,(anonymous_12)
FNF:4
FNH:4
FNDA:6,(anonymous_8)
FNDA:1,(anonymous_10)
FNDA:1,(anonymous_11)
FNDA:1,(anonymous_12)
DA:1,1
DA:2,1
DA:3,1
DA:6,1
DA:8,1
DA:9,1
DA:10,1
DA:11,1
DA:12,1
DA:13,1
LF:10
LH:10
BRF:0
BRH:0
end_of_record
TN:
SF:src\middlewares\authentication.ts
FN:5,verifyToken
FN:8,(anonymous_16)
FN:8,(anonymous_17)
FNF:3
FNH:3
FNDA:6,verifyToken
FNDA:6,(anonymous_16)
FNDA:6,(anonymous_17)
DA:2,1
DA:3,1
DA:5,1
DA:6,6
DA:8,6
DA:9,6
DA:10,2
DA:13,4
DA:15,4
LF:9
LH:9
BRDA:9,0,0,2
BRDA:9,0,1,4
BRF:2
BRH:2
end_of_record
TN:
SF:src\rutas\orders.ts
FN:19,(anonymous_14)
FN:19,(anonymous_15)
FN:20,(anonymous_17)
FN:20,(anonymous_18)
FN:25,(anonymous_20)
FN:25,(anonymous_21)
FN:36,(anonymous_23)
FN:41,(anonymous_24)
FN:41,(anonymous_25)
FN:44,(anonymous_27)
FN:49,(anonymous_28)
FN:49,(anonymous_29)
FN:52,(anonymous_31)
FN:57,(anonymous_32)
FN:57,(anonymous_33)
FN:58,(anonymous_35)
FN:58,(anonymous_36)
FN:63,(anonymous_38)
FN:63,(anonymous_39)
FN:68,(anonymous_41)
FN:68,(anonymous_42)
FNF:21
FNH:11
FNDA:0,(anonymous_14)
FNDA:0,(anonymous_15)
FNDA:0,(anonymous_17)
FNDA:0,(anonymous_18)
FNDA:2,(anonymous_20)
FNDA:2,(anonymous_21)
FNDA:1,(anonymous_23)
FNDA:0,(anonymous_24)
FNDA:0,(anonymous_25)
FNDA:0,(anonymous_27)
FNDA:0,(anonymous_28)
FNDA:0,(anonymous_29)
FNDA:0,(anonymous_31)
FNDA:1,(anonymous_32)
FNDA:1,(anonymous_33)
FNDA:1,(anonymous_35)
FNDA:1,(anonymous_36)
FNDA:1,(anonymous_38)
FNDA:1,(anonymous_39)
FNDA:1,(anonymous_41)
FNDA:1,(anonymous_42)
DA:1,1
DA:2,1
DA:3,1
DA:5,1
DA:7,1
DA:8,1
DA:9,1
DA:10,1
DA:19,1
DA:20,0
DA:21,0
DA:25,2
DA:26,2
DA:28,2
DA:29,1
DA:32,1
DA:33,0
DA:36,2
DA:37,1
DA:41,1
DA:42,0
DA:44,0
DA:45,0
DA:49,1
DA:50,0
DA:52,0
DA:53,0
DA:57,1
DA:58,2
DA:59,1
DA:63,1
DA:64,1
DA:66,1
DA:68,2
DA:69,2
DA:70,1
DA:75,1
LF:37
LH:28
BRDA:20,0,0,0
BRDA:28,1,0,1
BRDA:28,1,1,1
BRDA:32,2,0,0
BRDA:32,2,1,1
BRDA:58,3,0,1
BRDA:69,4,0,1
BRF:7
BRH:5
end_of_record
